Connecting to database specified by database.yml
  [1m[36m (1546.1ms)[0m  [1mSELECT `schema_migrations`.`version` FROM `schema_migrations` [0m
  [1m[35mProject Load (1369.7ms)[0m  SELECT `projects`.* FROM `projects` WHERE `projects`.`name` = 'iNeed' LIMIT 1
  [1m[36m (1414.8ms)[0m  [1mBEGIN[0m
  [1m[35mSQL (1298.5ms)[0m  INSERT INTO `projects` (`created_at`, `name`, `updated_at`) VALUES ('2012-10-13 21:56:07', 'iNeed', '2012-10-13 21:56:07')
  [1m[36m (1569.3ms)[0m  [1mCOMMIT[0m
  [1m[35mProject Load (1548.9ms)[0m  SELECT `projects`.* FROM `projects` WHERE `projects`.`name` = 'Kinect' LIMIT 1
  [1m[36m (1436.1ms)[0m  [1mBEGIN[0m
  [1m[35mSQL (1673.8ms)[0m  INSERT INTO `projects` (`created_at`, `name`, `updated_at`) VALUES ('2012-10-13 21:56:13', 'Kinect', '2012-10-13 21:56:13')
  [1m[36m (1470.6ms)[0m  [1mCOMMIT[0m
  [1m[35mProject Load (2415.4ms)[0m  SELECT `projects`.* FROM `projects` WHERE `projects`.`name` = 'Nabda' LIMIT 1
  [1m[36m (1360.5ms)[0m  [1mBEGIN[0m
  [1m[35mSQL (1418.7ms)[0m  INSERT INTO `projects` (`created_at`, `name`, `updated_at`) VALUES ('2012-10-13 21:56:20', 'Nabda', '2012-10-13 21:56:20')
  [1m[36m (1443.3ms)[0m  [1mCOMMIT[0m
  [1m[35mProject Load (1670.3ms)[0m  SELECT `projects`.* FROM `projects` WHERE `projects`.`name` = 'Planoroid' LIMIT 1
  [1m[36m (1575.1ms)[0m  [1mBEGIN[0m
  [1m[35mSQL (1486.6ms)[0m  INSERT INTO `projects` (`created_at`, `name`, `updated_at`) VALUES ('2012-10-13 21:56:26', 'Planoroid', '2012-10-13 21:56:26')
  [1m[36m (1574.3ms)[0m  [1mCOMMIT[0m
  [1m[35mProject Load (1509.3ms)[0m  SELECT `projects`.* FROM `projects` WHERE `projects`.`name` = 'Raneen' LIMIT 1
  [1m[36m (1332.7ms)[0m  [1mBEGIN[0m
  [1m[35mSQL (1420.7ms)[0m  INSERT INTO `projects` (`created_at`, `name`, `updated_at`) VALUES ('2012-10-13 21:56:32', 'Raneen', '2012-10-13 21:56:32')
  [1m[36m (1223.5ms)[0m  [1mCOMMIT[0m
Connecting to database specified by database.yml
  [1m[36m (634.9ms)[0m  [1mCREATE TABLE `schema_migrations` (`version` varchar(255) NOT NULL) ENGINE=InnoDB[0m
  [1m[35m (794.7ms)[0m  CREATE UNIQUE INDEX `unique_schema_migrations` ON `schema_migrations` (`version`)
  [1m[36m (627.0ms)[0m  [1mSELECT `schema_migrations`.`version` FROM `schema_migrations` [0m
Migrating to CreateProjects (20121010140021)
  [1m[35m (657.2ms)[0m  CREATE TABLE `projects` (`id` int(11) DEFAULT NULL auto_increment PRIMARY KEY, `name` varchar(255), `created_at` datetime NOT NULL, `updated_at` datetime NOT NULL) ENGINE=InnoDB
  [1m[36m (707.6ms)[0m  [1mINSERT INTO `schema_migrations` (`version`) VALUES ('20121010140021')[0m
Migrating to CreatePosts (20121010141656)
  [1m[35m (590.5ms)[0m  CREATE TABLE `posts` (`id` int(11) DEFAULT NULL auto_increment PRIMARY KEY, `content` text, `project_id` int(11), `up_votes` int(11) DEFAULT 0 NOT NULL, `down_votes` int(11) DEFAULT 0 NOT NULL, `created_at` datetime NOT NULL, `updated_at` datetime NOT NULL) ENGINE=InnoDB
  [1m[36m (597.1ms)[0m  [1mINSERT INTO `schema_migrations` (`version`) VALUES ('20121010141656')[0m
Migrating to DeviseCreateUsers (20121010212011)
  [1m[35m (2421.8ms)[0m  CREATE TABLE `users` (`id` int(11) DEFAULT NULL auto_increment PRIMARY KEY, `email` varchar(255) DEFAULT '' NOT NULL, `encrypted_password` varchar(255) DEFAULT '' NOT NULL, `user_role` varchar(255) DEFAULT 'employee' NOT NULL, `up_votes` int(11) DEFAULT 0 NOT NULL, `down_votes` int(11) DEFAULT 0 NOT NULL, `reset_password_token` varchar(255), `reset_password_sent_at` datetime, `remember_created_at` datetime, `sign_in_count` int(11) DEFAULT 0, `current_sign_in_at` datetime, `last_sign_in_at` datetime, `current_sign_in_ip` varchar(255), `last_sign_in_ip` varchar(255), `created_at` datetime NOT NULL, `updated_at` datetime NOT NULL) ENGINE=InnoDB
  [1m[36m (1521.9ms)[0m  [1mCREATE UNIQUE INDEX `index_users_on_email` ON `users` (`email`)[0m
  [1m[35m (1306.7ms)[0m  CREATE UNIQUE INDEX `index_users_on_reset_password_token` ON `users` (`reset_password_token`)
  [1m[36m (675.0ms)[0m  [1mINSERT INTO `schema_migrations` (`version`) VALUES ('20121010212011')[0m
Migrating to CreateMakeVoteableTables (20121011213318)
  [1m[35m (719.2ms)[0m  CREATE TABLE `votings` (`id` int(11) DEFAULT NULL auto_increment PRIMARY KEY, `voteable_type` varchar(255), `voteable_id` int(11), `voter_type` varchar(255), `voter_id` int(11), `up_vote` tinyint(1) NOT NULL, `created_at` datetime NOT NULL, `updated_at` datetime NOT NULL) ENGINE=InnoDB
  [1m[36m (639.1ms)[0m  [1mCREATE INDEX `index_votings_on_voteable_type_and_voteable_id` ON `votings` (`voteable_type`, `voteable_id`)[0m
  [1m[35m (652.5ms)[0m  CREATE INDEX `index_votings_on_voter_type_and_voter_id` ON `votings` (`voter_type`, `voter_id`)
  [1m[36m (1245.5ms)[0m  [1mCREATE UNIQUE INDEX `unique_voters` ON `votings` (`voteable_type`, `voteable_id`, `voter_type`, `voter_id`)[0m
  [1m[35m (722.1ms)[0m  INSERT INTO `schema_migrations` (`version`) VALUES ('20121011213318')
  [1m[36m (636.6ms)[0m  [1mSELECT `schema_migrations`.`version` FROM `schema_migrations` [0m
Connecting to database specified by database.yml
  [1m[36m (674.8ms)[0m  [1mSELECT `schema_migrations`.`version` FROM `schema_migrations` [0m
  [1m[35mProject Load (596.1ms)[0m  SELECT `projects`.* FROM `projects` WHERE `projects`.`name` = 'iNeed' LIMIT 1
  [1m[36m (708.1ms)[0m  [1mBEGIN[0m
  [1m[35mSQL (625.7ms)[0m  INSERT INTO `projects` (`created_at`, `name`, `updated_at`) VALUES ('2012-10-14 00:22:03', 'iNeed', '2012-10-14 00:22:03')
  [1m[36m (623.2ms)[0m  [1mCOMMIT[0m
  [1m[35mProject Load (595.0ms)[0m  SELECT `projects`.* FROM `projects` WHERE `projects`.`name` = 'Kinect' LIMIT 1
  [1m[36m (570.7ms)[0m  [1mBEGIN[0m
  [1m[35mSQL (682.2ms)[0m  INSERT INTO `projects` (`created_at`, `name`, `updated_at`) VALUES ('2012-10-14 00:22:06', 'Kinect', '2012-10-14 00:22:06')
  [1m[36m (581.6ms)[0m  [1mCOMMIT[0m
  [1m[35mProject Load (752.9ms)[0m  SELECT `projects`.* FROM `projects` WHERE `projects`.`name` = 'Nabda' LIMIT 1
  [1m[36m (686.1ms)[0m  [1mBEGIN[0m
  [1m[35mSQL (650.9ms)[0m  INSERT INTO `projects` (`created_at`, `name`, `updated_at`) VALUES ('2012-10-14 00:22:08', 'Nabda', '2012-10-14 00:22:08')
  [1m[36m (632.7ms)[0m  [1mCOMMIT[0m
  [1m[35mProject Load (613.4ms)[0m  SELECT `projects`.* FROM `projects` WHERE `projects`.`name` = 'Planoroid' LIMIT 1
  [1m[36m (681.0ms)[0m  [1mBEGIN[0m
  [1m[35mSQL (635.7ms)[0m  INSERT INTO `projects` (`created_at`, `name`, `updated_at`) VALUES ('2012-10-14 00:22:11', 'Planoroid', '2012-10-14 00:22:11')
  [1m[36m (567.1ms)[0m  [1mCOMMIT[0m
  [1m[35mProject Load (628.6ms)[0m  SELECT `projects`.* FROM `projects` WHERE `projects`.`name` = 'Raneen' LIMIT 1
  [1m[36m (555.3ms)[0m  [1mBEGIN[0m
  [1m[35mSQL (654.2ms)[0m  INSERT INTO `projects` (`created_at`, `name`, `updated_at`) VALUES ('2012-10-14 00:22:13', 'Raneen', '2012-10-14 00:22:13')
  [1m[36m (650.8ms)[0m  [1mCOMMIT[0m
Connecting to database specified by database.yml
  [1m[36m (1212.5ms)[0m  [1mCREATE TABLE `schema_migrations` (`version` varchar(255) NOT NULL) ENGINE=InnoDB[0m
  [1m[35m (1811.0ms)[0m  CREATE UNIQUE INDEX `unique_schema_migrations` ON `schema_migrations` (`version`)
  [1m[36m (1330.0ms)[0m  [1mSELECT `schema_migrations`.`version` FROM `schema_migrations` [0m
Migrating to CreateProjects (20121010140021)
  [1m[35m (1431.0ms)[0m  CREATE TABLE `projects` (`id` int(11) DEFAULT NULL auto_increment PRIMARY KEY, `name` varchar(255), `created_at` datetime NOT NULL, `updated_at` datetime NOT NULL) ENGINE=InnoDB
  [1m[36m (1440.2ms)[0m  [1mINSERT INTO `schema_migrations` (`version`) VALUES ('20121010140021')[0m
Migrating to CreatePosts (20121010141656)
  [1m[35m (1144.1ms)[0m  CREATE TABLE `posts` (`id` int(11) DEFAULT NULL auto_increment PRIMARY KEY, `content` text, `project_id` int(11), `up_votes` int(11) DEFAULT 0 NOT NULL, `down_votes` int(11) DEFAULT 0 NOT NULL, `created_at` datetime NOT NULL, `updated_at` datetime NOT NULL) ENGINE=InnoDB
  [1m[36m (1204.9ms)[0m  [1mINSERT INTO `schema_migrations` (`version`) VALUES ('20121010141656')[0m
Migrating to DeviseCreateUsers (20121010212011)
  [1m[35m (1534.3ms)[0m  CREATE TABLE `users` (`id` int(11) DEFAULT NULL auto_increment PRIMARY KEY, `email` varchar(255) DEFAULT '' NOT NULL, `encrypted_password` varchar(255) DEFAULT '' NOT NULL, `user_role` varchar(255) DEFAULT 'employee' NOT NULL, `up_votes` int(11) DEFAULT 0 NOT NULL, `down_votes` int(11) DEFAULT 0 NOT NULL, `reset_password_token` varchar(255), `reset_password_sent_at` datetime, `remember_created_at` datetime, `sign_in_count` int(11) DEFAULT 0, `current_sign_in_at` datetime, `last_sign_in_at` datetime, `current_sign_in_ip` varchar(255), `last_sign_in_ip` varchar(255), `created_at` datetime NOT NULL, `updated_at` datetime NOT NULL) ENGINE=InnoDB
  [1m[36m (1153.7ms)[0m  [1mCREATE UNIQUE INDEX `index_users_on_email` ON `users` (`email`)[0m
  [1m[35m (1530.0ms)[0m  CREATE UNIQUE INDEX `index_users_on_reset_password_token` ON `users` (`reset_password_token`)
  [1m[36m (1277.1ms)[0m  [1mINSERT INTO `schema_migrations` (`version`) VALUES ('20121010212011')[0m
Migrating to CreateMakeVoteableTables (20121011213318)
  [1m[35m (1971.9ms)[0m  CREATE TABLE `votings` (`id` int(11) DEFAULT NULL auto_increment PRIMARY KEY, `voteable_type` varchar(255), `voteable_id` int(11), `voter_type` varchar(255), `voter_id` int(11), `up_vote` tinyint(1) NOT NULL, `created_at` datetime NOT NULL, `updated_at` datetime NOT NULL) ENGINE=InnoDB
  [1m[36m (1373.4ms)[0m  [1mCREATE INDEX `index_votings_on_voteable_type_and_voteable_id` ON `votings` (`voteable_type`, `voteable_id`)[0m
  [1m[35m (1647.3ms)[0m  CREATE INDEX `index_votings_on_voter_type_and_voter_id` ON `votings` (`voter_type`, `voter_id`)
  [1m[36m (1663.3ms)[0m  [1mCREATE UNIQUE INDEX `unique_voters` ON `votings` (`voteable_type`, `voteable_id`, `voter_type`, `voter_id`)[0m
  [1m[35m (1169.1ms)[0m  INSERT INTO `schema_migrations` (`version`) VALUES ('20121011213318')
Migrating to AddUserIdToPosts (20121014114216)
  [1m[36m (1164.4ms)[0m  [1mALTER TABLE `posts` ADD `user_id` int(11)[0m
  [1m[35m (1222.3ms)[0m  INSERT INTO `schema_migrations` (`version`) VALUES ('20121014114216')
Migrating to AddUsernameToUsers (20121014161256)
  [1m[36m (1272.7ms)[0m  [1mALTER TABLE `users` ADD `username` varchar(255)[0m
  [1m[35m (1158.9ms)[0m  INSERT INTO `schema_migrations` (`version`) VALUES ('20121014161256')
  [1m[36m (1224.1ms)[0m  [1mSELECT `schema_migrations`.`version` FROM `schema_migrations` [0m
Connecting to database specified by database.yml
  [1m[36m (1052.3ms)[0m  [1mSELECT `schema_migrations`.`version` FROM `schema_migrations` [0m
  [1m[35mProject Load (1144.7ms)[0m  SELECT `projects`.* FROM `projects` WHERE `projects`.`name` = 'iNeed' LIMIT 1
  [1m[36m (1193.2ms)[0m  [1mBEGIN[0m
  [1m[35mSQL (1179.6ms)[0m  INSERT INTO `projects` (`created_at`, `name`, `updated_at`) VALUES ('2012-10-14 20:13:06', 'iNeed', '2012-10-14 20:13:06')
  [1m[36m (1129.6ms)[0m  [1mCOMMIT[0m
  [1m[35mProject Load (1097.3ms)[0m  SELECT `projects`.* FROM `projects` WHERE `projects`.`name` = 'Kinect' LIMIT 1
  [1m[36m (994.6ms)[0m  [1mBEGIN[0m
  [1m[35mSQL (1076.3ms)[0m  INSERT INTO `projects` (`created_at`, `name`, `updated_at`) VALUES ('2012-10-14 20:13:11', 'Kinect', '2012-10-14 20:13:11')
  [1m[36m (1021.0ms)[0m  [1mCOMMIT[0m
  [1m[35mProject Load (1005.7ms)[0m  SELECT `projects`.* FROM `projects` WHERE `projects`.`name` = 'Nabda' LIMIT 1
  [1m[36m (1060.7ms)[0m  [1mBEGIN[0m
  [1m[35mSQL (1109.2ms)[0m  INSERT INTO `projects` (`created_at`, `name`, `updated_at`) VALUES ('2012-10-14 20:13:15', 'Nabda', '2012-10-14 20:13:15')
  [1m[36m (1123.9ms)[0m  [1mCOMMIT[0m
  [1m[35mProject Load (1183.1ms)[0m  SELECT `projects`.* FROM `projects` WHERE `projects`.`name` = 'Planoroid' LIMIT 1
  [1m[36m (1017.1ms)[0m  [1mBEGIN[0m
  [1m[35mSQL (988.3ms)[0m  INSERT INTO `projects` (`created_at`, `name`, `updated_at`) VALUES ('2012-10-14 20:13:19', 'Planoroid', '2012-10-14 20:13:19')
  [1m[36m (1058.4ms)[0m  [1mCOMMIT[0m
  [1m[35mProject Load (1164.2ms)[0m  SELECT `projects`.* FROM `projects` WHERE `projects`.`name` = 'Raneen' LIMIT 1
  [1m[36m (1159.4ms)[0m  [1mBEGIN[0m
  [1m[35mSQL (1101.3ms)[0m  INSERT INTO `projects` (`created_at`, `name`, `updated_at`) VALUES ('2012-10-14 20:13:24', 'Raneen', '2012-10-14 20:13:24')
  [1m[36m (1224.3ms)[0m  [1mCOMMIT[0m
